2018-07-18  5:33:13 139765660253064 [Note] InnoDB: Mutexes and rw_locks use GCC atomic builtins
2018-07-18  5:33:13 139765660253064 [Note] InnoDB: Uses event mutexes
2018-07-18  5:33:13 139765660253064 [Note] InnoDB: Compressed tables use zlib 1.2.11
2018-07-18  5:33:13 139765660253064 [Note] InnoDB: Using Linux native AIO
2018-07-18  5:33:13 139765660253064 [Note] InnoDB: Number of pools: 1
2018-07-18  5:33:13 139765660253064 [Note] InnoDB: Using SSE2 crc32 instructions
2018-07-18  5:33:13 139765660253064 [Note] InnoDB: Initializing buffer pool, total size = 128M, instances = 1, chunk size = 128M
2018-07-18  5:33:13 139765660253064 [Note] InnoDB: Completed initialization of buffer pool
2018-07-18  5:33:13 139765418740456 [Note] InnoDB: If the mysqld execution user is authorized, page cleaner thread priority can be changed. See the man page of setpriority().
2018-07-18  5:33:13 139765660253064 [Note] InnoDB: Highest supported file format is Barracuda.
2018-07-18  5:33:13 139765660253064 [Note] InnoDB: Starting crash recovery from checkpoint LSN=1620099
2018-07-18  5:33:13 139765660253064 [Note] InnoDB: 128 out of 128 rollback segments are active.
2018-07-18  5:33:13 139765660253064 [Note] InnoDB: Removed temporary tablespace data file: "ibtmp1"
2018-07-18  5:33:13 139765660253064 [Note] InnoDB: Creating shared tablespace for temporary tables
2018-07-18  5:33:13 139765660253064 [Note] InnoDB: Setting file './ibtmp1' size to 12 MB. Physically writing the file full; Please wait ...
2018-07-18  5:33:13 139765660253064 [Note] InnoDB: File './ibtmp1' size is now 12 MB.
2018-07-18  5:33:13 139765660253064 [Note] InnoDB: 5.7.22 started; log sequence number 1620108
2018-07-18  5:33:13 139765424065256 [Note] InnoDB: Loading buffer pool(s) from /var/lib/mysql/ib_buffer_pool
2018-07-18  5:33:13 139765424065256 [Note] InnoDB: Buffer pool(s) load completed at 180718  5:33:13
2018-07-18  5:33:13 139765660253064 [Note] Plugin 'FEEDBACK' is disabled.
2018-07-18  5:33:13 139765660253064 [Note] Server socket created on IP: '::'.
2018-07-18  5:33:13 139765660253064 [Note] Reading of all Master_info entries succeded
2018-07-18  5:33:13 139765660253064 [Note] Added new Master_info '' to hash table
2018-07-18  5:33:13 139765660253064 [Note] /usr/bin/mysqld: ready for connections.
Version: '10.2.15-MariaDB-log'  socket: '/run/mysqld/mysqld.sock'  port: 3306  MariaDB Server
2018-07-18  5:35:36 139765281016552 [Warning] IP address '203.86.77.226' could not be resolved: Name does not resolve
